d:\storage\roman\repo_git\vs2022\droplet\droplet\x64\debug\vc143.pdb
d:\storage\roman\repo_git\vs2022\droplet\droplet\x64\debug\vc143.idb
d:\storage\roman\repo_git\vs2022\droplet\droplet\x64\debug\droplet.obj
d:\storage\roman\repo_git\vs2022\droplet\droplet\x64\debug\thermodynamic.obj
d:\storage\roman\repo_git\vs2022\droplet\droplet\x64\debug\polyfit.obj
d:\storage\roman\repo_git\vs2022\droplet\droplet\x64\debug\mmcollisionint.obj
d:\storage\roman\repo_git\vs2022\droplet\droplet\x64\debug\json_writer.obj
d:\storage\roman\repo_git\vs2022\droplet\droplet\x64\debug\json_value.obj
d:\storage\roman\repo_git\vs2022\droplet\droplet\x64\debug\json_util.obj
d:\storage\roman\repo_git\vs2022\droplet\droplet\x64\debug\json_reader.obj
d:\storage\roman\repo_git\vs2022\droplet\droplet\x64\debug\gastransport.obj
d:\storage\roman\repo_git\vs2022\droplet\droplet\x64\debug\functions_sundials.obj
d:\storage\roman\repo_git\vs2022\droplet\droplet\x64\debug\constants.obj
d:\storage\roman\repo_git\vs2022\droplet\droplet\x64\debug\concentration.obj
d:\storage\roman\repo_git\vs2022\droplet\x64\debug\droplet.exe
d:\storage\roman\repo_git\vs2022\droplet\x64\debug\droplet.pdb
d:\storage\roman\repo_git\vs2022\droplet\droplet\x64\debug\droplet.ilk
d:\storage\roman\mephi\droplet_code_to_daniil\repo_crop\vs2022\droplet\droplet\x64\debug\concentration.obj
d:\storage\roman\mephi\droplet_code_to_daniil\repo_crop\vs2022\droplet\droplet\x64\debug\constants.obj
d:\storage\roman\mephi\droplet_code_to_daniil\repo_crop\vs2022\droplet\droplet\x64\debug\droplet.obj
d:\storage\roman\mephi\droplet_code_to_daniil\repo_crop\vs2022\droplet\droplet\x64\debug\functions_sundials.obj
d:\storage\roman\mephi\droplet_code_to_daniil\repo_crop\vs2022\droplet\droplet\x64\debug\gastransport.obj
d:\storage\roman\mephi\droplet_code_to_daniil\repo_crop\vs2022\droplet\droplet\x64\debug\json_reader.obj
d:\storage\roman\mephi\droplet_code_to_daniil\repo_crop\vs2022\droplet\droplet\x64\debug\json_util.obj
d:\storage\roman\mephi\droplet_code_to_daniil\repo_crop\vs2022\droplet\droplet\x64\debug\json_value.obj
d:\storage\roman\mephi\droplet_code_to_daniil\repo_crop\vs2022\droplet\droplet\x64\debug\json_writer.obj
d:\storage\roman\mephi\droplet_code_to_daniil\repo_crop\vs2022\droplet\droplet\x64\debug\mmcollisionint.obj
d:\storage\roman\mephi\droplet_code_to_daniil\repo_crop\vs2022\droplet\droplet\x64\debug\polyfit.obj
d:\storage\roman\mephi\droplet_code_to_daniil\repo_crop\vs2022\droplet\droplet\x64\debug\thermodynamic.obj
d:\storage\roman\mephi\droplet_code_to_daniil\repo_crop\vs2022\droplet\droplet\x64\debug\droplet.ilk
d:\storage\roman\mephi\droplet_code_to_daniil\repo_crop\vs2022\droplet\droplet\x64\debug\vc143.idb
d:\storage\roman\mephi\droplet_code_to_daniil\repo_crop\vs2022\droplet\droplet\x64\debug\vc143.pdb
d:\storage\roman\mephi\droplet_code_to_daniil\repo_crop\vs2022\droplet\x64\debug\droplet.pdb
d:\storage\roman\mephi\droplet_code_to_daniil\repo_crop\vs2022\droplet\x64\debug\droplet.exe
d:\storage\roman\mephi\droplet_code_to_daniil\repo_crop\vs2022\droplet\droplet\x64\debug\droplet.tlog\cl.command.1.tlog
d:\storage\roman\mephi\droplet_code_to_daniil\repo_crop\vs2022\droplet\droplet\x64\debug\droplet.tlog\cl.items.tlog
d:\storage\roman\mephi\droplet_code_to_daniil\repo_crop\vs2022\droplet\droplet\x64\debug\droplet.tlog\cl.read.1.tlog
d:\storage\roman\mephi\droplet_code_to_daniil\repo_crop\vs2022\droplet\droplet\x64\debug\droplet.tlog\cl.write.1.tlog
d:\storage\roman\mephi\droplet_code_to_daniil\repo_crop\vs2022\droplet\droplet\x64\debug\droplet.tlog\link.command.1.tlog
d:\storage\roman\mephi\droplet_code_to_daniil\repo_crop\vs2022\droplet\droplet\x64\debug\droplet.tlog\link.read.1.tlog
d:\storage\roman\mephi\droplet_code_to_daniil\repo_crop\vs2022\droplet\droplet\x64\debug\droplet.tlog\link.secondary.1.tlog
d:\storage\roman\mephi\droplet_code_to_daniil\repo_crop\vs2022\droplet\droplet\x64\debug\droplet.tlog\link.write.1.tlog
