  functions_sundials.cpp
D:\Storage\Daniil\gorenie_version\droplet_linux\auxiliary_projects\Droplet\functions_sundials.h(156,16): warning C4091: typedef : пропускается слева от "Cell_Properties", когда ни одна переменная не объявлена
  (компиляция исходного файла "../../auxiliary_projects/Droplet/functions_sundials.cpp")
  
D:\Storage\Daniil\gorenie_version\droplet_linux\auxiliary_projects\Droplet\functions_sundials.cpp(19,12): warning C4101: h: неиспользованная локальная переменная
D:\Storage\Daniil\gorenie_version\droplet_linux\auxiliary_projects\Droplet\functions_sundials.cpp(514,13): warning C4267: инициализация: преобразование из "size_t" в "int"; возможна потеря данных
D:\Storage\Daniil\gorenie_version\droplet_linux\auxiliary_projects\Droplet\functions_sundials.cpp(490,12): warning C4101: x_start: неиспользованная локальная переменная
D:\Storage\Daniil\gorenie_version\droplet_linux\auxiliary_projects\Droplet\functions_sundials.cpp(490,31): warning C4101: D: неиспользованная локальная переменная
D:\Storage\Daniil\gorenie_version\droplet_linux\auxiliary_projects\Droplet\functions_sundials.cpp(490,21): warning C4101: x_finish: неиспользованная локальная переменная
D:\Storage\Daniil\gorenie_version\droplet_linux\auxiliary_projects\Droplet\functions_sundials.cpp(491,12): warning C4101: rho: неиспользованная локальная переменная
D:\Storage\Daniil\gorenie_version\droplet_linux\auxiliary_projects\Droplet\functions_sundials.cpp(578,13): warning C4101: jop: неиспользованная локальная переменная
D:\Storage\Daniil\gorenie_version\droplet_linux\auxiliary_projects\Droplet\functions_sundials.cpp(597,13): warning C4101: jop: неиспользованная локальная переменная
D:\Storage\Daniil\gorenie_version\droplet_linux\auxiliary_projects\Droplet\functions_sundials.cpp(1192,31): warning C4244: аргумент: преобразование "double" в "long", возможна потеря данных
D:\Storage\Daniil\gorenie_version\droplet_linux\auxiliary_projects\Droplet\functions_sundials.cpp(1199,12): warning C4101: W: неиспользованная локальная переменная
D:\Storage\Daniil\gorenie_version\droplet_linux\auxiliary_projects\Droplet\functions_sundials.cpp(929,33): warning C4101: di_l: неиспользованная локальная переменная
D:\Storage\Daniil\gorenie_version\droplet_linux\auxiliary_projects\Droplet\functions_sundials.cpp(929,19): warning C4101: i_vel_interf: неиспользованная локальная переменная
D:\Storage\Daniil\gorenie_version\droplet_linux\auxiliary_projects\Droplet\functions_sundials.cpp(929,39): warning C4101: di_r: неиспользованная локальная переменная
D:\Storage\Daniil\gorenie_version\droplet_linux\auxiliary_projects\Droplet\functions_sundials.cpp(929,45): warning C4101: i_inter_T: неиспользованная локальная переменная
D:\Storage\Daniil\gorenie_version\droplet_linux\auxiliary_projects\Droplet\functions_sundials.cpp(929,9): warning C4101: i_T: неиспользованная локальная переменная
D:\Storage\Daniil\gorenie_version\droplet_linux\auxiliary_projects\Droplet\functions_sundials.cpp(929,14): warning C4101: i_u: неиспользованная локальная переменная
D:\Storage\Daniil\gorenie_version\droplet_linux\auxiliary_projects\Droplet\functions_sundials.cpp(1199,15): warning C4101: w_dot: неиспользованная локальная переменная
D:\Storage\Daniil\gorenie_version\droplet_linux\auxiliary_projects\Droplet\functions_sundials.cpp(724,23): warning C4101: retvalr: неиспользованная локальная переменная
D:\Storage\Daniil\gorenie_version\droplet_linux\auxiliary_projects\Droplet\functions_sundials.cpp(1284,33): warning C4101: di_l: неиспользованная локальная переменная
D:\Storage\Daniil\gorenie_version\droplet_linux\auxiliary_projects\Droplet\functions_sundials.cpp(1269,12): warning C4101: M: неиспользованная локальная переменная
D:\Storage\Daniil\gorenie_version\droplet_linux\auxiliary_projects\Droplet\functions_sundials.cpp(1284,19): warning C4101: i_vel_interf: неиспользованная локальная переменная
D:\Storage\Daniil\gorenie_version\droplet_linux\auxiliary_projects\Droplet\functions_sundials.cpp(1284,39): warning C4101: di_r: неиспользованная локальная переменная
D:\Storage\Daniil\gorenie_version\droplet_linux\auxiliary_projects\Droplet\functions_sundials.cpp(1286,26): warning C4101: u_inter_curr: неиспользованная локальная переменная
D:\Storage\Daniil\gorenie_version\droplet_linux\auxiliary_projects\Droplet\functions_sundials.cpp(1286,40): warning C4101: u_inter_next: неиспользованная локальная переменная
D:\Storage\Daniil\gorenie_version\droplet_linux\auxiliary_projects\Droplet\functions_sundials.cpp(1284,45): warning C4101: i_inter_T: неиспользованная локальная переменная
D:\Storage\Daniil\gorenie_version\droplet_linux\auxiliary_projects\Droplet\functions_sundials.cpp(1284,9): warning C4101: i_T: неиспользованная локальная переменная
D:\Storage\Daniil\gorenie_version\droplet_linux\auxiliary_projects\Droplet\functions_sundials.cpp(1284,14): warning C4101: i_u: неиспользованная локальная переменная
D:\Storage\Daniil\gorenie_version\droplet_linux\auxiliary_projects\Droplet\functions_sundials.cpp(1287,12): warning C4101: vel_interf_curr: неиспользованная локальная переменная
D:\Storage\Daniil\gorenie_version\droplet_linux\auxiliary_projects\Droplet\functions_sundials.cpp(1272,12): warning C4101: Cp: неиспользованная локальная переменная
D:\Storage\Daniil\gorenie_version\droplet_linux\auxiliary_projects\Droplet\functions_sundials.cpp(1287,46): warning C4101: vel_interf_next: неиспользованная локальная переменная
D:\Storage\Daniil\gorenie_version\droplet_linux\auxiliary_projects\Droplet\functions_sundials.cpp(1268,12): warning C4101: Temp: неиспользованная локальная переменная
D:\Storage\Daniil\gorenie_version\droplet_linux\auxiliary_projects\Droplet\functions_sundials.cpp(1275,9): warning C4101: j: неиспользованная локальная переменная
D:\Storage\Daniil\gorenie_version\droplet_linux\auxiliary_projects\Droplet\functions_sundials.cpp(1286,12): warning C4101: u_inter_prev: неиспользованная локальная переменная
D:\Storage\Daniil\gorenie_version\droplet_linux\auxiliary_projects\Droplet\functions_sundials.cpp(1287,29): warning C4101: vel_interf_prev: неиспользованная локальная переменная
D:\Storage\Daniil\gorenie_version\droplet_linux\auxiliary_projects\Droplet\functions_sundials.cpp(1849,16): warning C4101: Sh: неиспользованная локальная переменная
D:\Storage\Daniil\gorenie_version\droplet_linux\auxiliary_projects\Droplet\functions_sundials.cpp(2133,19): warning C4244: инициализация: преобразование "double" в "int", возможна потеря данных
D:\Storage\Daniil\gorenie_version\droplet_linux\auxiliary_projects\Droplet\functions_sundials.cpp(2019,23): warning C4101: ypval: неиспользованная локальная переменная
D:\Storage\Daniil\gorenie_version\droplet_linux\auxiliary_projects\Droplet\functions_sundials.cpp(2494,1): warning C4715: read_tcurr: значение возвращается не при всех путях выполнения
  Droplet.vcxproj -> D:\Storage\Daniil\gorenie_version\droplet_linux\VS2022\Droplet\x64\Debug\Droplet.exe
