Fuel=C7H16
C7H16 found in inp file!
Fuel=C7H16
C7H16 found in inp file!
Nonlinear iters         = 7
Nonlinear fn evals      = 8
Beta condition fails    = 0
Backtrack operations    = 0
Nonlinear fn norm       = 5.155730082024136e-11
Step length             = 4.211614298319198e-10
Jac fn evals            = 1
LS Nonlinear fn evals   = 101
Prec setup evals        = 0
Prec solves             = 0
LS iters                = 0
LS fails                = 0
Jac-times evals         = 0
LS iters per NLS iter   = 0
Jac evals per NLS iter  = 0.1428571428571428
Prec evals per NLS iter = 0

t current = 1e-17
dt = 1e-17
r_inter = 0.037500
p_inter = 1.500000


Fuel=C7H16
C7H16 found in inp file!
Nonlinear iters         = 7
Nonlinear fn evals      = 8
Beta condition fails    = 0
Backtrack operations    = 0
Nonlinear fn norm       = 5.155730082024136e-11
Step length             = 4.211614298319198e-10
Jac fn evals            = 1
LS Nonlinear fn evals   = 101
Prec setup evals        = 0
Prec solves             = 0
LS iters                = 0
LS fails                = 0
Jac-times evals         = 0
LS iters per NLS iter   = 0
Jac evals per NLS iter  = 0.1428571428571428
Prec evals per NLS iter = 0

t current = 1e-17
dt = 1e-17
r_inter = 0.037500
p_inter = 1.500000


Fuel=C7H16
C7H16 found in inp file!
Nonlinear iters         = 7
Nonlinear fn evals      = 8
Beta condition fails    = 0
Backtrack operations    = 0
Nonlinear fn norm       = 5.155730082024136e-11
Step length             = 4.211614298319198e-10
Jac fn evals            = 1
LS Nonlinear fn evals   = 101
Prec setup evals        = 0
Prec solves             = 0
LS iters                = 0
LS fails                = 0
Jac-times evals         = 0
LS iters per NLS iter   = 0
Jac evals per NLS iter  = 0.1428571428571428
Prec evals per NLS iter = 0

t current = 1e-17
dt = 1e-17
r_inter = 0.037500
p_inter = 1.500000



t current = 2e-17
dt = 1e-17
r_inter = 0.037500
p_inter = 1.500000



t current = 4e-17
dt = 2e-17
r_inter = 0.037500
p_inter = 1.500000



t current = 2e-16
dt = 1.6e-16
r_inter = 0.037500
p_inter = 1.500000



t current = 1.48e-15
dt = 1.28e-15
r_inter = 0.037500
p_inter = 1.500000



t current = 1.172e-14
dt = 1.024e-14
r_inter = 0.037500
p_inter = 1.500000



t current = 9.364e-14
dt = 8.192e-14
r_inter = 0.037500
p_inter = 1.500000



t current = 7.49e-13
dt = 6.5536e-13
r_inter = 0.037500
p_inter = 1.500000



t current = 5.99188e-12
dt = 5.24288e-12
r_inter = 0.037500
p_inter = 1.500000



t current = 4.793492e-11
dt = 4.194304e-11
r_inter = 0.037500
p_inter = 1.500000



t current = 3.8347924e-10
dt = 3.3554432e-10
r_inter = 0.037500
p_inter = 1.500000



t current = 3.0678338e-09
dt = 2.68435456e-09
r_inter = 0.037500
p_inter = 1.500000



t current = 1.748802075e-08
dt = 1.442018695e-08
r_inter = 0.037500
p_inter = 1.500000



t current = 3.354691887e-08
dt = 2.687403833e-08
r_inter = 0.037500
p_inter = 1.500000



t current = 6.04209572e-08
dt = 2.687403833e-08
r_inter = 0.037500
p_inter = 1.500000



t current = 1.178935687e-07
dt = 5.74726115e-08
r_inter = 0.037500
p_inter = 1.500000



t current = 1.670074181e-07
dt = 4.911384936e-08
r_inter = 0.037500
p_inter = 1.500000



t current = 2.109919962e-07
dt = 4.398457812e-08
r_inter = 0.037500
p_inter = 1.500000



t current = 2.462086398e-07
dt = 3.521664357e-08
r_inter = 0.037500
p_inter = 1.500000



t current = 2.768822982e-07
dt = 3.067365845e-08
r_inter = 0.037500
p_inter = 1.500000



t current = 2.998083511e-07
dt = 2.292605286e-08
r_inter = 0.037500
p_inter = 1.500000



t current = 3.204417986e-07
dt = 2.063344757e-08
r_inter = 0.037500
p_inter = 1.500000



t current = 3.382257508e-07
dt = 1.778395218e-08
r_inter = 0.037500
p_inter = 1.500000



t current = 3.538800772e-07
dt = 1.565432638e-08
r_inter = 0.037500
p_inter = 1.500000



t current = 3.679689709e-07
dt = 1.408889374e-08
r_inter = 0.037500
p_inter = 1.500000



t current = 3.801271615e-07
dt = 1.215819059e-08
r_inter = 0.037500
p_inter = 1.500000



t current = 3.910695331e-07
dt = 1.094237153e-08
r_inter = 0.037500
p_inter = 1.500000



t current = 4.009176674e-07
dt = 9.848134376e-09
r_inter = 0.037500
p_inter = 1.500000



t current = 4.097809884e-07
dt = 8.863320938e-09
r_inter = 0.037500
p_inter = 1.500000



t current = 4.173265584e-07
dt = 7.54557002e-09
r_inter = 0.037500
p_inter = 1.500000



t current = 4.241175714e-07
dt = 6.791013018e-09
r_inter = 0.037500
p_inter = 1.500000



t current = 4.309085844e-07
dt = 6.791013018e-09
r_inter = 0.037500
p_inter = 1.500000



t current = 4.368966891e-07
dt = 5.988104648e-09
r_inter = 0.037500
p_inter = 1.500000



t current = 4.422859833e-07
dt = 5.389294183e-09
r_inter = 0.037500
p_inter = 1.500000



t current = 4.47136348e-07
dt = 4.850364765e-09
r_inter = 0.037500
p_inter = 1.500000



t current = 4.515016763e-07
dt = 4.365328288e-09
r_inter = 0.037500
p_inter = 1.500000



t current = 4.554304718e-07
dt = 3.928795459e-09
r_inter = 0.037500
p_inter = 1.500000



t current = 4.593592672e-07
dt = 3.928795459e-09
r_inter = 0.037500
p_inter = 1.500000



t current = 4.625712823e-07
dt = 3.212015031e-09
r_inter = 0.037500
p_inter = 1.500000



t current = 4.631170461e-07
dt = 1.780000499e-09
r_inter = 0.037500
p_inter = 1.500000



t current = 4.648970466e-07
dt = 1.780000499e-09
r_inter = 0.037500
p_inter = 1.500000



t current = 4.666770471e-07
dt = 1.780000499e-09
r_inter = 0.037500
p_inter = 1.500000



t current = 4.684570476e-07
dt = 1.780000499e-09
r_inter = 0.037500
p_inter = 1.500000



t current = 4.723832697e-07
dt = 3.926222166e-09
r_inter = 0.037500
p_inter = 1.500000



t current = 4.759168697e-07
dt = 3.533599949e-09
r_inter = 0.037500
p_inter = 1.500000



t current = 4.794504696e-07
dt = 3.533599949e-09
r_inter = 0.037500
p_inter = 1.500000



t current = 4.829840696e-07
dt = 3.533599949e-09
r_inter = 0.037500
p_inter = 1.500000



t current = 4.865176695e-07
dt = 3.533599949e-09
r_inter = 0.037500
p_inter = 1.500000



t current = 4.900512695e-07
dt = 3.533599949e-09
r_inter = 0.037500
p_inter = 1.500000



t current = 4.935848694e-07
dt = 3.533599949e-09
r_inter = 0.037500
p_inter = 1.500000



t current = 4.971184694e-07
dt = 3.533599949e-09
r_inter = 0.037500
p_inter = 1.500000



t current = 5.006520693e-07
dt = 3.533599949e-09
r_inter = 0.037500
p_inter = 1.500000



t current = 5.041856693e-07
dt = 3.533599949e-09
r_inter = 0.037500
p_inter = 1.500000



t current = 5.077192692e-07
dt = 3.533599949e-09
r_inter = 0.037500
p_inter = 1.500000



t current = 5.112528692e-07
dt = 3.533599949e-09
r_inter = 0.037500
p_inter = 1.500000



t current = 5.147864691e-07
dt = 3.533599949e-09
r_inter = 0.037500
p_inter = 1.500000



t current = 5.179667091e-07
dt = 3.180239954e-09
r_inter = 0.037500
p_inter = 1.500000



t current = 5.20828925e-07
dt = 2.862215959e-09
r_inter = 0.037500
p_inter = 1.500000



t current = 5.23691141e-07
dt = 2.862215959e-09
r_inter = 0.037500
p_inter = 1.500000



t current = 5.265533569e-07
dt = 2.862215959e-09
r_inter = 0.037500
p_inter = 1.500000



t current = 5.281427123e-07
dt = 2.22578566e-09
r_inter = 0.037500
p_inter = 1.500000



t current = 5.30368498e-07
dt = 2.22578566e-09
r_inter = 0.037500
p_inter = 1.500000



t current = 5.323717051e-07
dt = 2.003207094e-09
r_inter = 0.037500
p_inter = 1.500000



t current = 5.341745914e-07
dt = 1.802886384e-09
r_inter = 0.037500
p_inter = 1.500000



t current = 5.32555966e-07
dt = 9.213046655e-11
r_inter = 0.037500
p_inter = 1.500000



t current = 5.326259018e-07
dt = 6.993582545e-11
r_inter = 0.037500
p_inter = 1.500000



t current = 5.327748712e-07
dt = 1.489694116e-10
r_inter = 0.037500
p_inter = 1.500000



t current = 5.329089437e-07
dt = 1.340724705e-10
r_inter = 0.037500
p_inter = 1.500000



t current = 5.330146611e-07
dt = 1.745964885e-10
r_inter = 0.037500
p_inter = 1.500000



t current = 5.328462028e-07
dt = 5.456140266e-12
r_inter = 0.037500
p_inter = 1.500000



t current = 5.328510197e-07
dt = 8.909000756e-12
r_inter = 0.037500
p_inter = 1.500000



t current = 5.32847122e-07
dt = 4.454500378e-12
r_inter = 0.037500
p_inter = 1.500000



t current = 5.328634032e-07
dt = 1.628123533e-11
r_inter = 0.037500
p_inter = 1.500000


Fuel=C7H16
C7H16 found in inp file!
Nonlinear iters         = 7
Nonlinear fn evals      = 8
Beta condition fails    = 0
Backtrack operations    = 0
Nonlinear fn norm       = 5.155730082024136e-11
Step length             = 4.211614298319198e-10
Jac fn evals            = 1
LS Nonlinear fn evals   = 101
Prec setup evals        = 0
Prec solves             = 0
LS iters                = 0
LS fails                = 0
Jac-times evals         = 0
LS iters per NLS iter   = 0
Jac evals per NLS iter  = 0.1428571428571428
Prec evals per NLS iter = 0

t current = 1e-17
dt = 1e-17
r_inter = 0.037500
p_inter = 1.500000



t current = 2e-17
dt = 1e-17
r_inter = 0.037500
p_inter = 1.500000



t current = 4e-17
dt = 2e-17
r_inter = 0.037500
p_inter = 1.500000



t current = 2e-16
dt = 1.6e-16
r_inter = 0.037500
p_inter = 1.500000



t current = 1.48e-15
dt = 1.28e-15
r_inter = 0.037500
p_inter = 1.500000



t current = 1.172e-14
dt = 1.024e-14
r_inter = 0.037500
p_inter = 1.500000



t current = 9.364e-14
dt = 8.192e-14
r_inter = 0.037500
p_inter = 1.500000



t current = 7.49e-13
dt = 6.5536e-13
r_inter = 0.037500
p_inter = 1.500000



t current = 5.99188e-12
dt = 5.24288e-12
r_inter = 0.037500
p_inter = 1.500000



t current = 4.793492e-11
dt = 4.194304e-11
r_inter = 0.037500
p_inter = 1.500000



t current = 3.8347924e-10
dt = 3.3554432e-10
r_inter = 0.037500
p_inter = 1.500000



t current = 3.0678338e-09
dt = 2.68435456e-09
r_inter = 0.037500
p_inter = 1.500000



t current = 2.454267028e-08
dt = 2.147483648e-08
r_inter = 0.037500
p_inter = 1.500000



t current = 1.963413621e-07
dt = 1.717986918e-07
r_inter = 0.037500
p_inter = 1.500000



t current = 1.072699478e-06
dt = 8.763581159e-07
r_inter = 0.037500
p_inter = 1.500000



t current = 1.949057594e-06
dt = 8.763581159e-07
r_inter = 0.037500
p_inter = 1.500000



t current = 2.82541571e-06
dt = 8.763581159e-07
r_inter = 0.037500
p_inter = 1.500000



t current = 3.701773826e-06
dt = 8.763581159e-07
r_inter = 0.037500
p_inter = 1.500000



t current = 4.578131942e-06
dt = 8.763581159e-07
r_inter = 0.037500
p_inter = 1.500000



t current = 5.454490058e-06
dt = 8.763581159e-07
r_inter = 0.037500
p_inter = 1.500000



t current = 6.330848174e-06
dt = 8.763581159e-07
r_inter = 0.037500
p_inter = 1.500000



t current = 7.20720629e-06
dt = 8.763581159e-07
r_inter = 0.037500
p_inter = 1.500000



t current = 8.083564406e-06
dt = 8.763581159e-07
r_inter = 0.037500
p_inter = 1.500000



t current = 8.959922521e-06
dt = 8.763581159e-07
r_inter = 0.037500
p_inter = 1.500000



t current = 9.397962424e-06
dt = 6.571990091e-07
r_inter = 0.037500
p_inter = 1.500000



t current = 1.005516143e-05
dt = 6.571990091e-07
r_inter = 0.037500
p_inter = 1.500000



t current = 9.765209546e-06
dt = 2.448314146e-07
r_inter = 0.037500
p_inter = 1.500000



t current = 9.985557819e-06
dt = 2.203482732e-07
r_inter = 0.037500
p_inter = 1.500000



t current = 1.018059162e-05
dt = 1.950337991e-07
r_inter = 0.037500
p_inter = 1.500000



t current = 1.037562542e-05
dt = 1.950337991e-07
r_inter = 0.037500
p_inter = 1.500000



t current = 1.057065922e-05
dt = 1.950337991e-07
r_inter = 0.037500
p_inter = 1.500000



t current = 1.076569302e-05
dt = 1.950337991e-07
r_inter = 0.037500
p_inter = 1.500000



t current = 1.115576061e-05
dt = 3.900675982e-07
r_inter = 0.037500
p_inter = 1.500000



t current = 1.117183448e-05
dt = 2.030707323e-07
r_inter = 0.037500
p_inter = 1.500000



t current = 1.137490521e-05
dt = 2.030707323e-07
r_inter = 0.037500
p_inter = 1.500000



t current = 1.155766887e-05
dt = 1.827636591e-07
r_inter = 0.037500
p_inter = 1.500000



t current = 1.139121957e-05
dt = 1.087623999e-08
r_inter = 0.037500
p_inter = 1.500000



t current = 1.138636802e-05
dt = 2.701721808e-09
r_inter = 0.037500
p_inter = 1.500000



t current = 1.139177146e-05
dt = 5.403443616e-09
r_inter = 0.037500
p_inter = 1.500000



t current = 1.140257835e-05
dt = 1.080688723e-08
r_inter = 0.037500
p_inter = 1.500000



t current = 1.142419212e-05
dt = 2.161377446e-08
r_inter = 0.037500
p_inter = 1.500000



t current = 1.146741967e-05
dt = 4.322754893e-08
r_inter = 0.037500
p_inter = 1.500000



t current = 1.151064722e-05
dt = 4.322754893e-08
r_inter = 0.037500
p_inter = 1.500000



t current = 1.155387477e-05
dt = 4.322754893e-08
r_inter = 0.037500
p_inter = 1.500000



t current = 1.159710232e-05
dt = 4.322754893e-08
r_inter = 0.037500
p_inter = 1.500000



t current = 1.164032987e-05
dt = 4.322754893e-08
r_inter = 0.037500
p_inter = 1.500000



t current = 1.167482465e-05
dt = 3.449478637e-08
r_inter = 0.037500
p_inter = 1.500000



t current = 1.169135971e-05
dt = 2.551491949e-08
r_inter = 0.037500
p_inter = 1.500000



t current = 1.174238954e-05
dt = 5.102983898e-08
r_inter = 0.037500
p_inter = 1.500000



t current = 1.178359113e-05
dt = 4.120158801e-08
r_inter = 0.037500
p_inter = 1.500000



t current = 1.186599431e-05
dt = 8.240317601e-08
r_inter = 0.037500
p_inter = 1.500000



t current = 1.192816235e-05
dt = 6.216804e-08
r_inter = 0.037500
p_inter = 1.500000



t current = 1.199033039e-05
dt = 6.216804e-08
r_inter = 0.037500
p_inter = 1.500000



t current = 1.205249843e-05
dt = 6.216804e-08
r_inter = 0.037500
p_inter = 1.500000



t current = 1.211466647e-05
dt = 6.216804e-08
r_inter = 0.037500
p_inter = 1.500000



t current = 1.217683451e-05
dt = 6.216804e-08
r_inter = 0.037500
p_inter = 1.500000



t current = 1.22268666e-05
dt = 5.003208839e-08
r_inter = 0.037500
p_inter = 1.500000



t current = 1.223982268e-05
dt = 2.983650414e-08
r_inter = 0.037500
p_inter = 1.500000



t current = 1.229949569e-05
dt = 5.967300829e-08
r_inter = 0.037500
p_inter = 1.500000



t current = 1.23591687e-05
dt = 5.967300829e-08
r_inter = 0.037500
p_inter = 1.500000



t current = 1.247851472e-05
dt = 1.193460166e-07
r_inter = 0.037500
p_inter = 1.500000



t current = 1.247816286e-05
dt = 5.636565524e-08
r_inter = 0.037500
p_inter = 1.500000



t current = 1.259089417e-05
dt = 1.127313105e-07
r_inter = 0.037500
p_inter = 1.500000



t current = 1.270362548e-05
dt = 1.127313105e-07
r_inter = 0.037500
p_inter = 1.500000



t current = 1.29290881e-05
dt = 2.254626209e-07
r_inter = 0.037500
p_inter = 1.500000



t current = 1.288938019e-05
dt = 8.512601706e-08
r_inter = 0.037500
p_inter = 1.500000



t current = 1.29745062e-05
dt = 8.512601706e-08
r_inter = 0.037500
p_inter = 1.500000



t current = 1.314475824e-05
dt = 1.702520341e-07
r_inter = 0.037500
p_inter = 1.500000



t current = 1.327480044e-05
dt = 1.300422005e-07
r_inter = 0.037500
p_inter = 1.500000



t current = 1.324228989e-05
dt = 6.502110025e-08
r_inter = 0.037500
p_inter = 1.500000



t current = 1.337233209e-05
dt = 1.300422005e-07
r_inter = 0.037500
p_inter = 1.500000



t current = 1.350237429e-05
dt = 1.300422005e-07
r_inter = 0.037500
p_inter = 1.500000



t current = 1.376245869e-05
dt = 2.60084401e-07
r_inter = 0.037500
p_inter = 1.500000



t current = 1.355114011e-05
dt = 3.251055012e-08
r_inter = 0.037500
p_inter = 1.500000



t current = 1.358365067e-05
dt = 3.251055012e-08
r_inter = 0.037500
p_inter = 1.500000



t current = 1.364867177e-05
dt = 6.502110025e-08
r_inter = 0.037500
p_inter = 1.500000



t current = 1.363241649e-05
dt = 3.251055012e-08
r_inter = 0.037500
p_inter = 1.500000



t current = 1.369743759e-05
dt = 6.502110025e-08
r_inter = 0.037500
p_inter = 1.500000



t current = 1.382747979e-05
dt = 1.300422005e-07
r_inter = 0.037500
p_inter = 1.500000



t current = 1.408756419e-05
dt = 2.60084401e-07
r_inter = 0.037500
p_inter = 1.500000



t current = 1.387624562e-05
dt = 3.251055012e-08
r_inter = 0.037500
p_inter = 1.500000



t current = 1.394126672e-05
dt = 6.502110025e-08
r_inter = 0.037500
p_inter = 1.500000



t current = 1.407130892e-05
dt = 1.300422005e-07
r_inter = 0.037500
p_inter = 1.500000



t current = 1.396564963e-05
dt = 1.625527506e-08
r_inter = 0.037500
p_inter = 1.500000



t current = 1.399816018e-05
dt = 3.251055012e-08
r_inter = 0.037500
p_inter = 1.500000



t current = 1.406318128e-05
dt = 6.502110025e-08
r_inter = 0.037500
p_inter = 1.500000



t current = 1.4046926e-05
dt = 3.251055012e-08
r_inter = 0.037500
p_inter = 1.500000



t current = 1.41119471e-05
dt = 6.502110025e-08
r_inter = 0.037500
p_inter = 1.500000



t current = 1.424198931e-05
dt = 1.300422005e-07
r_inter = 0.037500
p_inter = 1.500000



t current = 1.413633002e-05
dt = 1.625527506e-08
r_inter = 0.037500
p_inter = 1.500000



t current = 1.416884057e-05
dt = 3.251055012e-08
r_inter = 0.037500
p_inter = 1.500000



t current = 1.423386167e-05
dt = 6.502110025e-08
r_inter = 0.037500
p_inter = 1.500000



t current = 1.436390387e-05
dt = 1.300422005e-07
r_inter = 0.037500
p_inter = 1.500000



t current = 1.433139332e-05
dt = 6.502110025e-08
r_inter = 0.037500
p_inter = 1.500000



t current = 1.446143552e-05
dt = 1.300422005e-07
r_inter = 0.037500
p_inter = 1.500000



t current = 1.442892497e-05
dt = 6.502110025e-08
r_inter = 0.037500
p_inter = 1.500000



t current = 1.441266969e-05
dt = 3.251055012e-08
r_inter = 0.037500
p_inter = 1.500000



t current = 1.447769079e-05
dt = 6.502110025e-08
r_inter = 0.037500
p_inter = 1.500000



t current = 1.446143552e-05
dt = 3.251055012e-08
r_inter = 0.037500
p_inter = 1.500000



t current = 1.452645662e-05
dt = 6.502110025e-08
r_inter = 0.037500
p_inter = 1.500000



t current = 1.465649882e-05
dt = 1.300422005e-07
r_inter = 0.037500
p_inter = 1.500000



t current = 1.462398827e-05
dt = 6.502110025e-08
r_inter = 0.037500
p_inter = 1.500000



t current = 1.475403047e-05
dt = 1.300422005e-07
r_inter = 0.037500
p_inter = 1.500000



t current = 1.472151992e-05
dt = 6.502110025e-08
r_inter = 0.037500
p_inter = 1.500000



t current = 1.470526464e-05
dt = 3.251055012e-08
r_inter = 0.037500
p_inter = 1.500000



t current = 1.477028574e-05
dt = 6.502110025e-08
r_inter = 0.037500
p_inter = 1.500000


Fuel=C7H16
C7H16 found in inp file!
Fuel=C7H16
C7H16 found in inp file!
Fuel=C7H16
C7H16 found in inp file!
Fuel=C7H16
C7H16 found in inp file!
Fuel=C7H16
C7H16 found in inp file!
Restart time is 0.000014

t current = 1.4e-05
dt = 1.000007098e-17
r_inter = 0.037500
p_inter = 1.499932



t current = 1.4e-05
dt = 1.000007098e-17
r_inter = 0.037500
p_inter = 1.499932



t current = 1.4e-05
dt = 2.000014195e-17
r_inter = 0.037500
p_inter = 1.499932



t current = 1.4e-05
dt = 4.464541258e-17
r_inter = 0.037500
p_inter = 1.499932



t current = 1.4e-05
dt = 1.314137736e-16
r_inter = 0.037500
p_inter = 1.499932



t current = 1.4e-05
dt = 3.592182026e-16
r_inter = 0.037500
p_inter = 1.499932



t current = 1.4e-05
dt = 1.613558801e-15
r_inter = 0.037500
p_inter = 1.499932



t current = 1.4e-05
dt = 1.613558801e-15
r_inter = 0.037500
p_inter = 1.499932



t current = 1.400000001e-05
dt = 1.613558801e-15
r_inter = 0.037500
p_inter = 1.499932



t current = 1.400000001e-05
dt = 3.604894296e-15
r_inter = 0.037500
p_inter = 1.499932



t current = 1.400000001e-05
dt = 3.604894296e-15
r_inter = 0.037500
p_inter = 1.499932



t current = 1.400000002e-05
dt = 3.604894296e-15
r_inter = 0.037500
p_inter = 1.499932



t current = 1.400000002e-05
dt = 3.604894296e-15
r_inter = 0.037500
p_inter = 1.499932



t current = 1.400000002e-05
dt = 3.604894296e-15
r_inter = 0.037500
p_inter = 1.499932



t current = 1.400000003e-05
dt = 3.604894296e-15
r_inter = 0.037500
p_inter = 1.499932



t current = 1.400000003e-05
dt = 3.604894296e-15
r_inter = 0.037500
p_inter = 1.499932



t current = 1.400000004e-05
dt = 7.433491688e-15
r_inter = 0.037500
p_inter = 1.499932



t current = 1.400000005e-05
dt = 7.433491688e-15
r_inter = 0.037500
p_inter = 1.499932



t current = 1.400000005e-05
dt = 7.433491688e-15
r_inter = 0.037500
p_inter = 1.499932



t current = 1.400000006e-05
dt = 7.433491688e-15
r_inter = 0.037500
p_inter = 1.499932



t current = 1.400000007e-05
dt = 7.433491688e-15
r_inter = 0.037500
p_inter = 1.499932



t current = 1.400000008e-05
dt = 1.536696998e-14
r_inter = 0.037500
p_inter = 1.499932



t current = 1.40000001e-05
dt = 1.383027265e-14
r_inter = 0.037500
p_inter = 1.499932



t current = 1.400000011e-05
dt = 1.240780448e-14
r_inter = 0.037500
p_inter = 1.499932



t current = 1.400000014e-05
dt = 2.780108839e-14
r_inter = 0.037500
p_inter = 1.499932



t current = 1.400000014e-05
dt = 1.360315432e-14
r_inter = 0.037500
p_inter = 1.499932



t current = 1.400000016e-05
dt = 2.794952583e-14
r_inter = 0.037500
p_inter = 1.499932



t current = 1.400000019e-05
dt = 2.359202074e-14
r_inter = 0.037500
p_inter = 1.499932



t current = 1.400000021e-05
dt = 2.359202074e-14
r_inter = 0.037500
p_inter = 1.499932



t current = 1.400000023e-05
dt = 2.359202074e-14
r_inter = 0.037500
p_inter = 1.499932



t current = 1.400000026e-05
dt = 2.359202074e-14
r_inter = 0.037500
p_inter = 1.499932



t current = 1.400000028e-05
dt = 2.359202074e-14
r_inter = 0.037500
p_inter = 1.499932



t current = 1.40000003e-05
dt = 2.359202074e-14
r_inter = 0.037500
p_inter = 1.499932



t current = 1.400000033e-05
dt = 2.359202074e-14
r_inter = 0.037500
p_inter = 1.499932



t current = 1.400000035e-05
dt = 2.359202074e-14
r_inter = 0.037500
p_inter = 1.499932



t current = 1.400000038e-05
dt = 2.359202074e-14
r_inter = 0.037500
p_inter = 1.499932



t current = 1.400000043e-05
dt = 5.940539876e-14
r_inter = 0.037500
p_inter = 1.499932



t current = 1.400000065e-05
dt = 2.170330718e-13
r_inter = 0.037500
p_inter = 1.499932



t current = 1.400000059e-05
dt = 7.981786449e-14
r_inter = 0.037500
p_inter = 1.499932



t current = 1.400000067e-05
dt = 7.981786449e-14
r_inter = 0.037500
p_inter = 1.499932



t current = 1.400000075e-05
dt = 7.981786449e-14
r_inter = 0.037500
p_inter = 1.499932



t current = 1.400000083e-05
dt = 7.981786449e-14
r_inter = 0.037500
p_inter = 1.499932



t current = 1.400000091e-05
dt = 7.981786449e-14
r_inter = 0.037500
p_inter = 1.499932



t current = 1.400000099e-05
dt = 7.981786449e-14
r_inter = 0.037500
p_inter = 1.499932



t current = 1.400000107e-05
dt = 7.981786449e-14
r_inter = 0.037500
p_inter = 1.499932



t current = 1.400000115e-05
dt = 7.183607821e-14
r_inter = 0.037500
p_inter = 1.499932



t current = 1.400000122e-05
dt = 7.183607821e-14
r_inter = 0.037500
p_inter = 1.499932



t current = 1.400000125e-05
dt = 8.997151948e-14
r_inter = 0.037500
p_inter = 1.499932



t current = 1.400000134e-05
dt = 8.997151948e-14
r_inter = 0.037500
p_inter = 1.499932



t current = 1.400000165e-05
dt = 3.091169627e-13
r_inter = 0.037500
p_inter = 1.499932



t current = 1.400000168e-05
dt = 1.663042686e-13
r_inter = 0.037500
p_inter = 1.499932



t current = 1.400000177e-05
dt = 1.7467414e-13
r_inter = 0.037500
p_inter = 1.499932



t current = 1.400000171e-05
dt = 9.630221662e-14
r_inter = 0.037500
p_inter = 1.499932



t current = 1.400000169e-05
dt = 3.4968278e-14
r_inter = 0.037500
p_inter = 1.499932



t current = 1.400000169e-05
dt = 2.464308529e-14
r_inter = 0.037500
p_inter = 1.499932



t current = 1.400000169e-05
dt = 1.475786351e-14
r_inter = 0.037500
p_inter = 1.499932



t current = 1.400000168e-05
dt = 5.703826693e-15
r_inter = 0.037500
p_inter = 1.499932



t current = 1.400000169e-05
dt = 5.133444871e-15
r_inter = 0.037500
p_inter = 1.499932



t current = 1.400000169e-05
dt = 2.558266506e-15
r_inter = 0.037500
p_inter = 1.499932



t current = 1.400000169e-05
dt = 1.753907078e-15
r_inter = 0.037500
p_inter = 1.499932



t current = 1.400000169e-05
dt = 1.103888912e-15
r_inter = 0.037500
p_inter = 1.499932



t current = 1.400000169e-05
dt = 8.795624006e-16
r_inter = 0.037500
p_inter = 1.499932



t current = 1.400000169e-05
dt = 5.041963619e-16
r_inter = 0.037500
p_inter = 1.499932



t current = 1.400000169e-05
dt = 4.156695604e-16
r_inter = 0.037500
p_inter = 1.499932



t current = 1.400000169e-05
dt = 2.589074788e-16
r_inter = 0.037500
p_inter = 1.499932



t current = 1.400000169e-05
dt = 2.246043385e-16
r_inter = 0.037500
p_inter = 1.499932



t current = 1.400000169e-05
dt = 1.518492905e-16
r_inter = 0.037500
p_inter = 1.499932



t current = 1.400000169e-05
dt = 1.366653779e-16
r_inter = 0.037500
p_inter = 1.499932



t current = 1.400000169e-05
dt = 9.810674408e-17
r_inter = 0.037500
p_inter = 1.499932



t current = 1.400000169e-05
dt = 8.829640849e-17
r_inter = 0.037500
p_inter = 1.499932



t current = 1.400000169e-05
dt = 7.428478947e-17
r_inter = 0.037500
p_inter = 1.499932



t current = 1.400000169e-05
dt = 6.363080906e-17
r_inter = 0.037500
p_inter = 1.499932



t current = 1.400000169e-05
dt = 4.595492552e-17
r_inter = 0.037500
p_inter = 1.499932



t current = 1.400000169e-05
dt = 4.135892475e-17
r_inter = 0.037500
p_inter = 1.499932



t current = 1.400000169e-05
dt = 3.720846331e-17
r_inter = 0.037500
p_inter = 1.499932



t current = 1.400000169e-05
dt = 3.214490035e-17
r_inter = 0.037500
p_inter = 1.499932



t current = 1.400000169e-05
dt = 2.762852067e-17
r_inter = 0.037500
p_inter = 1.499932



t current = 1.400000169e-05
dt = 2.371861659e-17
r_inter = 0.037500
p_inter = 1.499932


