  concentration.cpp
D:\Storage\Daniil\gorenie_version\droplet_linux\auxiliary_projects\Droplet\functions_sundials.h(156,16): warning C4091: typedef : пропускается слева от "Cell_Properties", когда ни одна переменная не объявлена
  (компиляция исходного файла "../../auxiliary_projects/Droplet/concentration.cpp")
  
D:\Storage\Daniil\gorenie_version\droplet_linux\auxiliary_projects\Droplet\concentration.cpp(100,18): warning C4101: sum2: неиспользованная локальная переменная
D:\Storage\Daniil\gorenie_version\droplet_linux\auxiliary_projects\Droplet\concentration.cpp(100,12): warning C4101: sum1: неиспользованная локальная переменная
D:\Storage\Daniil\gorenie_version\droplet_linux\auxiliary_projects\Droplet\concentration.cpp(98,41): warning C4101: logF_core_r: неиспользованная локальная переменная
D:\Storage\Daniil\gorenie_version\droplet_linux\auxiliary_projects\Droplet\concentration.cpp(98,33): warning C4101: logF_r: неиспользованная локальная переменная
D:\Storage\Daniil\gorenie_version\droplet_linux\auxiliary_projects\Droplet\concentration.cpp(106,12): warning C4101: sum_ThirdBodies: неиспользованная локальная переменная
D:\Storage\Daniil\gorenie_version\droplet_linux\auxiliary_projects\Droplet\concentration.cpp(329,21): warning C4101: specie2: неиспользованная локальная переменная
D:\Storage\Daniil\gorenie_version\droplet_linux\auxiliary_projects\Droplet\concentration.cpp(329,12): warning C4101: specie1: неиспользованная локальная переменная
  constants.cpp
D:\Storage\Daniil\gorenie_version\droplet_linux\auxiliary_projects\Droplet\functions_sundials.h(156,16): warning C4091: typedef : пропускается слева от "Cell_Properties", когда ни одна переменная не объявлена
  (компиляция исходного файла "../../auxiliary_projects/Droplet/constants.cpp")
  
D:\Storage\Daniil\gorenie_version\droplet_linux\auxiliary_projects\Droplet\constants.cpp(85,53): warning C4267: =: преобразование из "size_t" в "int"; возможна потеря данных
D:\Storage\Daniil\gorenie_version\droplet_linux\auxiliary_projects\Droplet\constants.cpp(86,57): warning C4267: =: преобразование из "size_t" в "int"; возможна потеря данных
  Droplet.cpp
D:\Storage\Daniil\gorenie_version\droplet_linux\auxiliary_projects\Droplet\functions_sundials.h(156,16): warning C4091: typedef : пропускается слева от "Cell_Properties", когда ни одна переменная не объявлена
  (компиляция исходного файла "../../auxiliary_projects/Droplet/Droplet.cpp")
  
D:\Storage\Daniil\gorenie_version\droplet_linux\auxiliary_projects\Droplet\Droplet.cpp(168,37): warning C4244: =: преобразование "double" в "int", возможна потеря данных
D:\Storage\Daniil\gorenie_version\droplet_linux\auxiliary_projects\Droplet\Droplet.cpp(216,41): warning C4267: =: преобразование из "size_t" в "int"; возможна потеря данных
D:\Storage\Daniil\gorenie_version\droplet_linux\auxiliary_projects\Droplet\Droplet.cpp(231,41): warning C4267: =: преобразование из "size_t" в "int"; возможна потеря данных
D:\Storage\Daniil\gorenie_version\droplet_linux\auxiliary_projects\Droplet\Droplet.cpp(258,22): warning C4244: инициализация: преобразование "time_t" в "double", возможна потеря данных
D:\Storage\Daniil\gorenie_version\droplet_linux\auxiliary_projects\Droplet\Droplet.cpp(211,12): warning C4101: T_center: неиспользованная локальная переменная
  functions_sundials.cpp
D:\Storage\Daniil\gorenie_version\droplet_linux\auxiliary_projects\Droplet\functions_sundials.h(156,16): warning C4091: typedef : пропускается слева от "Cell_Properties", когда ни одна переменная не объявлена
  (компиляция исходного файла "../../auxiliary_projects/Droplet/functions_sundials.cpp")
  
D:\Storage\Daniil\gorenie_version\droplet_linux\auxiliary_projects\Droplet\functions_sundials.cpp(19,12): warning C4101: h: неиспользованная локальная переменная
D:\Storage\Daniil\gorenie_version\droplet_linux\auxiliary_projects\Droplet\functions_sundials.cpp(515,13): warning C4267: инициализация: преобразование из "size_t" в "int"; возможна потеря данных
D:\Storage\Daniil\gorenie_version\droplet_linux\auxiliary_projects\Droplet\functions_sundials.cpp(491,12): warning C4101: x_start: неиспользованная локальная переменная
D:\Storage\Daniil\gorenie_version\droplet_linux\auxiliary_projects\Droplet\functions_sundials.cpp(491,31): warning C4101: D: неиспользованная локальная переменная
D:\Storage\Daniil\gorenie_version\droplet_linux\auxiliary_projects\Droplet\functions_sundials.cpp(491,21): warning C4101: x_finish: неиспользованная локальная переменная
D:\Storage\Daniil\gorenie_version\droplet_linux\auxiliary_projects\Droplet\functions_sundials.cpp(492,12): warning C4101: rho: неиспользованная локальная переменная
D:\Storage\Daniil\gorenie_version\droplet_linux\auxiliary_projects\Droplet\functions_sundials.cpp(579,13): warning C4101: jop: неиспользованная локальная переменная
D:\Storage\Daniil\gorenie_version\droplet_linux\auxiliary_projects\Droplet\functions_sundials.cpp(598,13): warning C4101: jop: неиспользованная локальная переменная
D:\Storage\Daniil\gorenie_version\droplet_linux\auxiliary_projects\Droplet\functions_sundials.cpp(1198,31): warning C4244: аргумент: преобразование "double" в "long", возможна потеря данных
D:\Storage\Daniil\gorenie_version\droplet_linux\auxiliary_projects\Droplet\functions_sundials.cpp(1205,12): warning C4101: W: неиспользованная локальная переменная
D:\Storage\Daniil\gorenie_version\droplet_linux\auxiliary_projects\Droplet\functions_sundials.cpp(929,33): warning C4101: di_l: неиспользованная локальная переменная
D:\Storage\Daniil\gorenie_version\droplet_linux\auxiliary_projects\Droplet\functions_sundials.cpp(929,19): warning C4101: i_vel_interf: неиспользованная локальная переменная
D:\Storage\Daniil\gorenie_version\droplet_linux\auxiliary_projects\Droplet\functions_sundials.cpp(929,39): warning C4101: di_r: неиспользованная локальная переменная
D:\Storage\Daniil\gorenie_version\droplet_linux\auxiliary_projects\Droplet\functions_sundials.cpp(929,45): warning C4101: i_inter_T: неиспользованная локальная переменная
D:\Storage\Daniil\gorenie_version\droplet_linux\auxiliary_projects\Droplet\functions_sundials.cpp(929,9): warning C4101: i_T: неиспользованная локальная переменная
D:\Storage\Daniil\gorenie_version\droplet_linux\auxiliary_projects\Droplet\functions_sundials.cpp(929,14): warning C4101: i_u: неиспользованная локальная переменная
D:\Storage\Daniil\gorenie_version\droplet_linux\auxiliary_projects\Droplet\functions_sundials.cpp(1205,15): warning C4101: w_dot: неиспользованная локальная переменная
D:\Storage\Daniil\gorenie_version\droplet_linux\auxiliary_projects\Droplet\functions_sundials.cpp(725,23): warning C4101: retvalr: неиспользованная локальная переменная
D:\Storage\Daniil\gorenie_version\droplet_linux\auxiliary_projects\Droplet\functions_sundials.cpp(1296,33): warning C4101: di_l: неиспользованная локальная переменная
D:\Storage\Daniil\gorenie_version\droplet_linux\auxiliary_projects\Droplet\functions_sundials.cpp(1281,12): warning C4101: M: неиспользованная локальная переменная
D:\Storage\Daniil\gorenie_version\droplet_linux\auxiliary_projects\Droplet\functions_sundials.cpp(1296,19): warning C4101: i_vel_interf: неиспользованная локальная переменная
D:\Storage\Daniil\gorenie_version\droplet_linux\auxiliary_projects\Droplet\functions_sundials.cpp(1296,39): warning C4101: di_r: неиспользованная локальная переменная
D:\Storage\Daniil\gorenie_version\droplet_linux\auxiliary_projects\Droplet\functions_sundials.cpp(1298,26): warning C4101: u_inter_curr: неиспользованная локальная переменная
D:\Storage\Daniil\gorenie_version\droplet_linux\auxiliary_projects\Droplet\functions_sundials.cpp(1298,40): warning C4101: u_inter_next: неиспользованная локальная переменная
D:\Storage\Daniil\gorenie_version\droplet_linux\auxiliary_projects\Droplet\functions_sundials.cpp(1296,45): warning C4101: i_inter_T: неиспользованная локальная переменная
D:\Storage\Daniil\gorenie_version\droplet_linux\auxiliary_projects\Droplet\functions_sundials.cpp(1296,9): warning C4101: i_T: неиспользованная локальная переменная
D:\Storage\Daniil\gorenie_version\droplet_linux\auxiliary_projects\Droplet\functions_sundials.cpp(1296,14): warning C4101: i_u: неиспользованная локальная переменная
D:\Storage\Daniil\gorenie_version\droplet_linux\auxiliary_projects\Droplet\functions_sundials.cpp(1299,12): warning C4101: vel_interf_curr: неиспользованная локальная переменная
D:\Storage\Daniil\gorenie_version\droplet_linux\auxiliary_projects\Droplet\functions_sundials.cpp(1284,12): warning C4101: Cp: неиспользованная локальная переменная
D:\Storage\Daniil\gorenie_version\droplet_linux\auxiliary_projects\Droplet\functions_sundials.cpp(1299,46): warning C4101: vel_interf_next: неиспользованная локальная переменная
D:\Storage\Daniil\gorenie_version\droplet_linux\auxiliary_projects\Droplet\functions_sundials.cpp(1280,12): warning C4101: Temp: неиспользованная локальная переменная
D:\Storage\Daniil\gorenie_version\droplet_linux\auxiliary_projects\Droplet\functions_sundials.cpp(1287,9): warning C4101: j: неиспользованная локальная переменная
D:\Storage\Daniil\gorenie_version\droplet_linux\auxiliary_projects\Droplet\functions_sundials.cpp(1298,12): warning C4101: u_inter_prev: неиспользованная локальная переменная
D:\Storage\Daniil\gorenie_version\droplet_linux\auxiliary_projects\Droplet\functions_sundials.cpp(1299,29): warning C4101: vel_interf_prev: неиспользованная локальная переменная
D:\Storage\Daniil\gorenie_version\droplet_linux\auxiliary_projects\Droplet\functions_sundials.cpp(1861,16): warning C4101: Sh: неиспользованная локальная переменная
D:\Storage\Daniil\gorenie_version\droplet_linux\auxiliary_projects\Droplet\functions_sundials.cpp(2145,19): warning C4244: инициализация: преобразование "double" в "int", возможна потеря данных
D:\Storage\Daniil\gorenie_version\droplet_linux\auxiliary_projects\Droplet\functions_sundials.cpp(2031,23): warning C4101: ypval: неиспользованная локальная переменная
  GasTransport.cpp
D:\Storage\Daniil\gorenie_version\droplet_linux\auxiliary_projects\Droplet\functions_sundials.h(156,16): warning C4091: typedef : пропускается слева от "Cell_Properties", когда ни одна переменная не объявлена
  (компиляция исходного файла "../../auxiliary_projects/Droplet/GasTransport.cpp")
  
D:\Storage\Daniil\gorenie_version\droplet_linux\auxiliary_projects\Droplet\GasTransport.cpp(287,35): warning C4267: аргумент: преобразование из "size_t" в "int"; возможна потеря данных
  json_reader.cc
  json_util.cc
  json_value.cc
  json_writer.cc
  MMCollisionInt.cpp
  polyfit.cpp
D:\Storage\Daniil\gorenie_version\droplet_linux\auxiliary_projects\Droplet\polyfit.cpp(99,37): warning C4267: аргумент: преобразование из "size_t" в "int"; возможна потеря данных
D:\Storage\Daniil\gorenie_version\droplet_linux\auxiliary_projects\Droplet\polyfit.cpp(99,28): warning C4267: аргумент: преобразование из "size_t" в "int"; возможна потеря данных
  thermodynamic.cpp
D:\Storage\Daniil\gorenie_version\droplet_linux\auxiliary_projects\Droplet\functions_sundials.h(156,16): warning C4091: typedef : пропускается слева от "Cell_Properties", когда ни одна переменная не объявлена
  (компиляция исходного файла "../../auxiliary_projects/Droplet/thermodynamic.cpp")
  
  Создание кода
  Previous IPDB not found, fall back to full compilation.
D:\Storage\Daniil\gorenie_version\droplet_linux\auxiliary_projects\Droplet\thermodynamic.cpp(196): warning C4715: get_Lambda: значение возвращается не при всех путях выполнения
D:\Storage\Daniil\gorenie_version\droplet_linux\auxiliary_projects\Droplet\functions_sundials.cpp(2503): warning C4715: read_tcurr: значение возвращается не при всех путях выполнения
  All 4661 functions were compiled because no usable IPDB/IOBJ from previous compilation was found.
  Создание кода завершено
  Droplet.vcxproj -> D:\Storage\Daniil\gorenie_version\droplet_linux\VS2022\Droplet\x64\Release\Droplet.exe
