d:\storage\daniil\gorenie_version\droplet_linux\vs2022\droplet\droplet\x64\release\vc143.pdb
d:\storage\daniil\gorenie_version\droplet_linux\vs2022\droplet\droplet\x64\release\thermodynamic.obj
d:\storage\daniil\gorenie_version\droplet_linux\vs2022\droplet\droplet\x64\release\polyfit.obj
d:\storage\daniil\gorenie_version\droplet_linux\vs2022\droplet\droplet\x64\release\mmcollisionint.obj
d:\storage\daniil\gorenie_version\droplet_linux\vs2022\droplet\droplet\x64\release\json_writer.obj
d:\storage\daniil\gorenie_version\droplet_linux\vs2022\droplet\droplet\x64\release\json_value.obj
d:\storage\daniil\gorenie_version\droplet_linux\vs2022\droplet\droplet\x64\release\json_util.obj
d:\storage\daniil\gorenie_version\droplet_linux\vs2022\droplet\droplet\x64\release\json_reader.obj
d:\storage\daniil\gorenie_version\droplet_linux\vs2022\droplet\droplet\x64\release\gastransport.obj
d:\storage\daniil\gorenie_version\droplet_linux\vs2022\droplet\droplet\x64\release\functions_sundials.obj
d:\storage\daniil\gorenie_version\droplet_linux\vs2022\droplet\droplet\x64\release\droplet.obj
d:\storage\daniil\gorenie_version\droplet_linux\vs2022\droplet\droplet\x64\release\constants.obj
d:\storage\daniil\gorenie_version\droplet_linux\vs2022\droplet\droplet\x64\release\concentration.obj
d:\storage\daniil\gorenie_version\droplet_linux\vs2022\droplet\x64\release\droplet.exe
d:\storage\daniil\gorenie_version\droplet_linux\vs2022\droplet\x64\release\droplet.pdb
d:\storage\daniil\gorenie_version\droplet_linux\vs2022\droplet\droplet\x64\release\droplet.ipdb
d:\storage\daniil\gorenie_version\droplet_linux\vs2022\droplet\droplet\x64\release\droplet.iobj
d:\storage\daniil\gorenie_version\droplet_linux\vs2022\droplet\droplet\x64\release\droplet.tlog\cl.command.1.tlog
d:\storage\daniil\gorenie_version\droplet_linux\vs2022\droplet\droplet\x64\release\droplet.tlog\cl.items.tlog
d:\storage\daniil\gorenie_version\droplet_linux\vs2022\droplet\droplet\x64\release\droplet.tlog\cl.read.1.tlog
d:\storage\daniil\gorenie_version\droplet_linux\vs2022\droplet\droplet\x64\release\droplet.tlog\cl.write.1.tlog
d:\storage\daniil\gorenie_version\droplet_linux\vs2022\droplet\droplet\x64\release\droplet.tlog\link.command.1.tlog
d:\storage\daniil\gorenie_version\droplet_linux\vs2022\droplet\droplet\x64\release\droplet.tlog\link.read.1.tlog
d:\storage\daniil\gorenie_version\droplet_linux\vs2022\droplet\droplet\x64\release\droplet.tlog\link.secondary.1.tlog
d:\storage\daniil\gorenie_version\droplet_linux\vs2022\droplet\droplet\x64\release\droplet.tlog\link.write.1.tlog
